Loading required package: rstan
Loading required package: ggplot2
Loading required package: StanHeaders
rstan (Version 2.11.1, packaged: 2016-07-28 18:19:31 UTC, GitRev: 85f7a56811da)
For execution on a local, multicore CPU with excess RAM we recommend calling
rstan_options(auto_write = TRUE)
options(mc.cores = parallel::detectCores())
Loading required package: plyr
Joining by: site
'data.frame':	80640 obs. of  9 variables:
 $ spec       : int  1 1 1 1 1 1 1 1 1 1 ...
 $ time       : int  10080 10079 10078 10077 10076 10075 10074 10073 10072 10071 ...
 $ site       : int  1 1 1 1 1 1 1 1 1 1 ...
 $ n_waterhole: num  0 0 4 0 0 0 6 0 0 0 ...
 $ w          : num  0.000912 0.000913 0.000913 0.000914 0.000914 ...
 $ edna       : num  0 0 0.00365 0 0 ...
 $ total_edna : num  385 385 385 385 385 ...
 $ p          : num  0.93 0.93 0.93 0.93 0.93 ...
 $ detected   : int  1 1 1 1 1 1 1 1 1 1 ...
List of 6
 $ N          : int 80640
 $ time       : int [1:80640] 10080 10079 10078 10077 10076 10075 10074 10073 10072 10071 ...
 $ n_waterhole: num [1:80640] 0 0 4 0 0 0 6 0 0 0 ...
 $ site       : int [1:80640] 1 1 1 1 1 1 1 1 1 1 ...
 $ S          : int 8
 $ detected   : int [1:80640] 1 1 1 1 1 1 1 1 1 1 ...
starting worker pid=30994 on localhost:11569 at 10:58:05.406
starting worker pid=31003 on localhost:11569 at 10:58:05.588

SAMPLING FOR MODEL 'camtrap_eDNA_detected_merged' NOW (CHAIN 1).

SAMPLING FOR MODEL 'camtrap_eDNA_detected_merged' NOW (CHAIN 2).

Chain 1, Iteration:    1 / 4000 [  0%]  (Warmup)
Chain 2, Iteration:    1 / 4000 [  0%]  (Warmup)
Chain 2, Iteration:  400 / 4000 [ 10%]  (Warmup)
Chain 2, Iteration:  800 / 4000 [ 20%]  (Warmup)
Chain 2, Iteration: 1200 / 4000 [ 30%]  (Warmup)
Chain 2, Iteration: 1600 / 4000 [ 40%]  (Warmup)
Chain 1, Iteration:  400 / 4000 [ 10%]  (Warmup)
Chain 2, Iteration: 2000 / 4000 [ 50%]  (Warmup)
Chain 2, Iteration: 2001 / 4000 [ 50%]  (Sampling)
Chain 1, Iteration:  800 / 4000 [ 20%]  (Warmup)
Chain 2, Iteration: 2400 / 4000 [ 60%]  (Sampling)
Chain 1, Iteration: 1200 / 4000 [ 30%]  (Warmup)
Chain 2, Iteration: 2800 / 4000 [ 70%]  (Sampling)
Chain 1, Iteration: 1600 / 4000 [ 40%]  (Warmup)
Chain 2, Iteration: 3200 / 4000 [ 80%]  (Sampling)
Chain 1, Iteration: 2000 / 4000 [ 50%]  (Warmup)
Chain 1, Iteration: 2001 / 4000 [ 50%]  (Sampling)
Chain 2, Iteration: 3600 / 4000 [ 90%]  (Sampling)
Chain 1, Iteration: 2400 / 4000 [ 60%]  (Sampling)
Chain 2, Iteration: 4000 / 4000 [100%]  (Sampling)
 Elapsed Time: 886.242 seconds (Warm-up)
               243.542 seconds (Sampling)
               1129.78 seconds (Total)


Chain 1, Iteration: 2800 / 4000 [ 70%]  (Sampling)
Chain 1, Iteration: 3200 / 4000 [ 80%]  (Sampling)
Chain 1, Iteration: 3600 / 4000 [ 90%]  (Sampling)
Chain 1, Iteration: 4000 / 4000 [100%]  (Sampling)
 Elapsed Time: 1038.84 seconds (Warm-up)
               238.91 seconds (Sampling)
               1277.74 seconds (Total)

